[Sun 07/05/2026 16:23:20.90] start 
25 active days (2026-05-28..2026-07-05) | $4,571.71 | 30,115 turns | 559/15316 tool errors (3.6%)
Report: C:\Users\charl\source\repos\cc-usage-analytics\report.html
[Sun 07/05/2026 16:23:22.82] exit 0 
[Mon 07/06/2026  9:00:03.12] start 
26 active days (2026-05-28..2026-07-06) | $4,774.63 | 31,802 turns | 594/16082 tool errors (3.7%)
Report: C:\Users\charl\source\repos\cc-usage-analytics\report.html
[Mon 07/06/2026  9:00:50.31] exit 0 
[Tue 07/07/2026  9:00:02.92] start 
27 active days (2026-05-28..2026-07-07) | $4,964.00 | 33,675 turns | 611/17027 tool errors (3.6%)
Report: C:\Users\charl\source\repos\cc-usage-analytics\report.html
[Tue 07/07/2026  9:00:15.72] exit 0 
[Wed 07/08/2026 20:08:02.35] start 
28 active days (2026-05-28..2026-07-08) | $5,216.44 | 35,814 turns | 634/18119 tool errors (3.5%)
Report: C:\Users\charl\source\repos\cc-usage-analytics\report.html
[Wed 07/08/2026 20:08:35.30] exit 0 
[Fri 07/10/2026  6:33:34.36] start 
30 active days (2026-05-28..2026-07-10) | $5,403.72 | 36,561 turns | 662/18492 tool errors (3.6%)
Report: C:\Users\charl\source\repos\cc-usage-analytics\report.html
[Fri 07/10/2026  6:34:14.24] exit 0 
